e:\medstudio\medstudio\medstudio\x64\debug\vc120.pdb
e:\medstudio\medstudio\medstudio\x64\debug\moc_medstudio.obj
e:\medstudio\medstudio\medstudio\x64\debug\medstudio.obj
e:\medstudio\medstudio\medstudio\x64\debug\main.obj
e:\medstudio\medstudio\medstudio\x64\debug\qrc_medstudio.obj
e:\medstudio\medstudio\medstudio\generatedfiles\qrc_medstudio.cpp
e:\medstudio\medstudio\medstudio\generatedfiles\debug\moc_medstudio.cpp
e:\medstudio\medstudio\medstudio\generatedfiles\ui_medstudio.h
e:\medstudio\medstudio\x64\debug\medstudio.ilk
e:\medstudio\medstudio\x64\debug\medstudio.exe
e:\medstudio\medstudio\x64\debug\medstudio.pdb
e:\medstudio\medstudio\medstudio\x64\debug\medstudio.tlog\cl.command.1.tlog
e:\medstudio\medstudio\medstudio\x64\debug\medstudio.tlog\cl.read.1.tlog
e:\medstudio\medstudio\medstudio\x64\debug\medstudio.tlog\cl.write.1.tlog
e:\medstudio\medstudio\medstudio\x64\debug\medstudio.tlog\custombuild.command.1.tlog
e:\medstudio\medstudio\medstudio\x64\debug\medstudio.tlog\custombuild.read.1.tlog
e:\medstudio\medstudio\medstudio\x64\debug\medstudio.tlog\custombuild.write.1.tlog
e:\medstudio\medstudio\medstudio\x64\debug\medstudio.tlog\link.command.1.tlog
e:\medstudio\medstudio\medstudio\x64\debug\medstudio.tlog\link.read.1.tlog
e:\medstudio\medstudio\medstudio\x64\debug\medstudio.tlog\link.write.1.tlog
